=== Commande ===
C:\Users\elieb\AppData\Local\Microsoft\WindowsApps\PythonSoftwareFoundation.Python.3.11_qbz5n2kfra8p0\python.exe C:\Users\elieb\Desktop\Dashboard\backend_runs\ea75552f\BACKTEST_30mn_CLOSE_13_14_SIMPLE_PARAM.py

=== Exécution ===
C:\Users\elieb\Desktop\Dashboard\backend_runs\ea75552f\BACKTEST_30mn_CLOSE_13_14_SIMPLE_PARAM.py:137: FutureWarning: 'T' is deprecated and will be removed in a future version, please use 'min' instead.
  ohlc = g[["open","high","low","close"]].resample("30T", label="right", closed="right").agg({
C:\Users\elieb\Desktop\Dashboard\backend_runs\ea75552f\BACKTEST_30mn_CLOSE_13_14_SIMPLE_PARAM.py:141: FutureWarning: 'T' is deprecated and will be removed in a future version, please use 'min' instead.
  vol = g[["volume"]].resample("30T", label="right", closed="right").sum()
C:\Users\elieb\Desktop\Dashboard\backend_runs\ea75552f\BACKTEST_30mn_CLOSE_13_14_SIMPLE_PARAM.py:137: FutureWarning: 'T' is deprecated and will be removed in a future version, please use 'min' instead.
  ohlc = g[["open","high","low","close"]].resample("30T", label="right", closed="right").agg({
C:\Users\elieb\Desktop\Dashboard\backend_runs\ea75552f\BACKTEST_30mn_CLOSE_13_14_SIMPLE_PARAM.py:141: FutureWarning: 'T' is deprecated and will be removed in a future version, please use 'min' instead.
  vol = g[["volume"]].resample("30T", label="right", closed="right").sum()
C:\Users\elieb\Desktop\Dashboard\backend_runs\ea75552f\BACKTEST_30mn_CLOSE_13_14_SIMPLE_PARAM.py:137: FutureWarning: 'T' is deprecated and will be removed in a future version, please use 'min' instead.
  ohlc = g[["open","high","low","close"]].resample("30T", label="right", closed="right").agg({
C:\Users\elieb\Desktop\Dashboard\backend_runs\ea75552f\BACKTEST_30mn_CLOSE_13_14_SIMPLE_PARAM.py:141: FutureWarning: 'T' is deprecated and will be removed in a future version, please use 'min' instead.
  vol = g[["volume"]].resample("30T", label="right", closed="right").sum()
Loading data (UTC)...
Rows total: 519,966 | Symbols example: ['NQH6', 'NQU5', 'NQZ5'] ...
Saved trades to: close30_trades.csv
Saved selection log to: front_month_selection_log.csv

=== RESULTS (30mn close - 13-14 UTC - 1R) ===
          trades: 21
        win_rate: 52.38%
   profit_factor: 2.07
     avg_win_usd: 907.73
    avg_loss_usd: -483.00
  expectancy_usd: 245.48
     net_pnl_usd: 5,155.00
      max_dd_usd: -3,605.00
            days: 11
